<?xml version="1.0" encoding="UTF-8"?>
<testsuite name="com.example.project.testATM" tests="7" skipped="0" failures="0" errors="0" timestamp="2024-10-18T15:29:39" hostname="codespaces-fc504a" time="0.129">
  <properties/>
  <testcase name="testCheckingWithdraw()" classname="com.example.project.testATM" time="0.054"/>
  <testcase name="testInvalidAccountType()" classname="com.example.project.testATM" time="0.009"/>
  <testcase name="testSavingsWithdraw()" classname="com.example.project.testATM" time="0.005"/>
  <testcase name="testEverything()" classname="com.example.project.testATM" time="0.007"/>
  <testcase name="testSavingsDeposit()" classname="com.example.project.testATM" time="0.007"/>
  <testcase name="testCheckingDeposit()" classname="com.example.project.testATM" time="0.013"/>
  <testcase name="testOverdraw()" classname="com.example.project.testATM" time="0.01"/>
  <system-out><![CDATA[]]></system-out>
  <system-err><![CDATA[]]></system-err>
</testsuite>
